<?xml version="1.0" encoding="UTF-8"?>
<testng-results skipped="0" failed="0" ignored="0" total="2" passed="2">
  <reporter-output>
  </reporter-output>
  <suite name="Suite" duration-ms="44466" started-at="2019-11-30T19:36:44Z" finished-at="2019-11-30T19:37:28Z">
    <groups>
    </groups>
    <test name="Test" duration-ms="44466" started-at="2019-11-30T19:36:44Z" finished-at="2019-11-30T19:37:28Z">
      <class name="com.qa.tests.LoginPageTest">
        <test-method status="PASS" signature="setUpTest(java.lang.String)[pri:0, instance:com.qa.tests.LoginPageTest@2a70a3d8]" name="setUpTest" is-config="true" duration-ms="12228" started-at="2019-11-30T19:36:44Z" finished-at="2019-11-30T19:36:56Z">
          <params>
            <param index="0">
              <value>
                <![CDATA[chrome]]>
              </value>
            </param>
          </params>
          <reporter-output>
          </reporter-output>
        </test-method> <!-- setUpTest -->
        <test-method status="PASS" signature="verifyLoginPageTitleTest()[pri:1, instance:com.qa.tests.LoginPageTest@2a70a3d8]" name="verifyLoginPageTitleTest" duration-ms="2091" started-at="2019-11-30T19:36:56Z" finished-at="2019-11-30T19:36:58Z">
          <reporter-output>
          </reporter-output>
        </test-method> <!-- verifyLoginPageTitleTest -->
        <test-method status="PASS" signature="tearDown()[pri:0, instance:com.qa.tests.LoginPageTest@2a70a3d8]" name="tearDown" is-config="true" duration-ms="441" started-at="2019-11-30T19:36:58Z" finished-at="2019-11-30T19:36:59Z">
          <reporter-output>
          </reporter-output>
        </test-method> <!-- tearDown -->
        <test-method status="PASS" signature="setUpTest(java.lang.String)[pri:0, instance:com.qa.tests.LoginPageTest@2a70a3d8]" name="setUpTest" is-config="true" duration-ms="10075" started-at="2019-11-30T19:36:59Z" finished-at="2019-11-30T19:37:09Z">
          <params>
            <param index="0">
              <value>
                <![CDATA[chrome]]>
              </value>
            </param>
          </params>
          <reporter-output>
          </reporter-output>
        </test-method> <!-- setUpTest -->
        <test-method status="PASS" signature="verifyDoLoginTest()[pri:2, instance:com.qa.tests.LoginPageTest@2a70a3d8]" name="verifyDoLoginTest" duration-ms="19418" started-at="2019-11-30T19:37:09Z" finished-at="2019-11-30T19:37:28Z">
          <reporter-output>
          </reporter-output>
        </test-method> <!-- verifyDoLoginTest -->
        <test-method status="PASS" signature="tearDown()[pri:0, instance:com.qa.tests.LoginPageTest@2a70a3d8]" name="tearDown" is-config="true" duration-ms="167" started-at="2019-11-30T19:37:28Z" finished-at="2019-11-30T19:37:28Z">
          <reporter-output>
          </reporter-output>
        </test-method> <!-- tearDown -->
      </class> <!-- com.qa.tests.LoginPageTest -->
    </test> <!-- Test -->
  </suite> <!-- Suite -->
</testng-results>
